<?xml version="1.0" encoding="UTF-8" ?>
<testsuites>
  <testsuite errors="1" failures="0" hostname="FRC-VM" id="0" name="TimedDriveCommandTest" package="org.frc2706.example.robot" skipped="0" tests="1" time="0.0" timestamp="2015-11-24T04:17:25">
      <properties>
[...]
</properties>

      <error message="org/strongback/command/Command" type="java.lang.NoClassDefFoundError">java.lang.NoClassDefFoundError: org/strongback/command/Command
	at java.lang.Class.forName0(Native Method)
	at java.lang.Class.forName(Class.java:264)
Caused by: java.lang.ClassNotFoundException: org.strongback.command.Command
	at java.net.URLClassLoader.findClass(URLClassLoader.java:381)
	at java.lang.ClassLoader.loadClass(ClassLoader.java:424)
	at sun.misc.Launcher$AppClassLoader.loadClass(Launcher.java:331)
	at java.lang.ClassLoader.loadClass(ClassLoader.java:357)
</error>

      <system-out />

      <system-err />

  </testsuite>
</testsuites>
