<?xml version="1.0" encoding="UTF-8" ?>
<testsuite errors="0" failures="0" hostname="FRC-VM" name="org.frc2706.example.robot.TimedDriveCommandTest" skipped="0" tests="2" time="0.2" timestamp="2015-11-24T05:29:49">
  <properties>
[...]
</properties>
  <testcase classname="org.frc2706.example.robot.TimedDriveCommandTest" name="shouldDriveForwardAndStopAfterDuration" time="0.139" />
  <testcase classname="org.frc2706.example.robot.TimedDriveCommandTest" name="shouldStopWhenCancelled" time="0.0" />
  <system-out><![CDATA[]]></system-out>
  <system-err><![CDATA[]]></system-err>
</testsuite>
